{"numTotalTestSuites":6,"numPassedTestSuites":4,"numFailedTestSuites":2,"numPendingTestSuites":0,"numTotalTests":16,"numPassedTests":15,"numFailedTests":1,"numPendingTests":0,"numTodoTests":0,"snapshot":{"added":0,"failure":false,"filesAdded":0,"filesRemoved":0,"filesRemovedList":[],"filesUnmatched":0,"filesUpdated":0,"matched":0,"total":0,"unchecked":0,"uncheckedKeysByFile":[],"unmatched":0,"updated":0,"didUpdate":false},"startTime":1778929110132,"success":false,"testResults":[{"assertionResults":[{"ancestorTitles":["Dashboard — Admin"],"fullName":"Dashboard — Admin shows greeting with user first name","status":"passed","title":"shows greeting with user first name","duration":83.57289999999966,"failureMessages":[],"meta":{}},{"ancestorTitles":["Dashboard — Admin"],"fullName":"Dashboard — Admin shows admin stat cards","status":"passed","title":"shows admin stat cards","duration":13.169399999999769,"failureMessages":[],"meta":{}},{"ancestorTitles":["Dashboard — Admin"],"fullName":"Dashboard — Admin shows upcoming events","status":"passed","title":"shows upcoming events","duration":12.565300000000207,"failureMessages":[],"meta":{}},{"ancestorTitles":["Dashboard — Admin"],"fullName":"Dashboard — Admin shows my planning section","status":"passed","title":"shows my planning section","duration":9.585300000000188,"failureMessages":[],"meta":{}},{"ancestorTitles":["Dashboard — Medecin"],"fullName":"Dashboard — Medecin does not show Users stat for medecin","status":"passed","title":"does not show Users stat for medecin","duration":15.990299999999934,"failureMessages":[],"meta":{}},{"ancestorTitles":["Dashboard — loading state"],"fullName":"Dashboard — loading state shows spinner before data loads","status":"passed","title":"shows spinner before data loads","duration":3.9495999999999185,"failureMessages":[],"meta":{}}],"startTime":1778929112643,"endTime":1778929112782.9497,"status":"passed","message":"","name":"C:/Users/MSI/Desktop/GMT/files/frontend/frontend/src/__tests__/pages/Dashboard.test.jsx"},{"assertionResults":[{"ancestorTitles":["Users page"],"fullName":"Users page shows loading spinner then user list","status":"passed","title":"shows loading spinner then user list","duration":116.43170000000009,"failureMessages":[],"meta":{}},{"ancestorTitles":["Users page"],"fullName":"Users page shows stat cards","status":"failed","title":"shows stat cards","duration":1041.8283000000001,"failureMessages":["Error: Found multiple elements with the text: Médecins\n\nHere are the matching elements:\n\nIgnored nodes: comments, script, style\n\u001b[36m<span\u001b[39m\n  \u001b[33mstyle\u001b[39m=\u001b[32m\"font-size: 13px; color: var(--text-2);\"\u001b[39m\n\u001b[36m>\u001b[39m\n  \u001b[0mMédecins\u001b[0m\n\u001b[36m</span>\u001b[39m\n\nIgnored nodes: comments, script, style\n\u001b[36m<button\u001b[39m\n  \u001b[33mclass\u001b[39m=\u001b[32m\"btn btn-sm btn-ghost\"\u001b[39m\n  \u001b[33mstyle\u001b[39m=\u001b[32m\"padding: 4px 10px;\"\u001b[39m\n\u001b[36m>\u001b[39m\n  \u001b[0mMédecins\u001b[0m\n\u001b[36m</button>\u001b[39m\n\n(If this is intentional, then use the `*AllBy*` variant of the query (like `queryAllByText`, `getAllByText`, or `findAllByText`)).\n\nIgnored nodes: comments, script, style\n\u001b[36m<body>\u001b[39m\n  \u001b[36m<div>\u001b[39m\n    \u001b[36m<div\u001b[39m\n      \u001b[33mclass\u001b[39m=\u001b[32m\"page-content\"\u001b[39m\n    \u001b[36m>\u001b[39m\n      \u001b[36m<div\u001b[39m\n        \u001b[33mclass\u001b[39m=\u001b[32m\"page-header\"\u001b[39m\n      \u001b[36m>\u001b[39m\n        \u001b[36m<div>\u001b[39m\n          \u001b[36m<h2>\u001b[39m\n            \u001b[0m👥 Utilisateurs\u001b[0m\n          \u001b[36m</h2>\u001b[39m\n          \u001b[36m<p>\u001b[39m\n            \u001b[0mGérer les membres de l'équipe\u001b[0m\n          \u001b[36m</p>\u001b[39m\n        \u001b[36m</div>\u001b[39m\n        \u001b[36m<button\u001b[39m\n          \u001b[33mclass\u001b[39m=\u001b[32m\"btn btn-primary\"\u001b[39m\n        \u001b[36m>\u001b[39m\n          \u001b[0m+ Créer un utilisateur\u001b[0m\n        \u001b[36m</button>\u001b[39m\n      \u001b[36m</div>\u001b[39m\n      \u001b[36m<div\u001b[39m\n        \u001b[33mstyle\u001b[39m=\u001b[32m\"display: flex; gap: 10px; margin-bottom: 16px; flex-wrap: wrap;\"\u001b[39m\n      \u001b[36m>\u001b[39m\n        \u001b[36m<div\u001b[39m\n          \u001b[33mstyle\u001b[39m=\u001b[32m\"background: var(--surface); border: 1px solid var(--border); border-radius: 10px; padding: 10px 16px; display: flex; gap: 10px; align-items: center;\"\u001b[39m\n        \u001b[36m>\u001b[39m\n          \u001b[36m<span\u001b[39m\n            \u001b[33mstyle\u001b[39m=\u001b[32m\"font-size: 18px; font-weight: 800; color: rgb(14, 165, 233);\"\u001b[39m\n          \u001b[36m>\u001b[39m\n            \u001b[0m3\u001b[0m\n          \u001b[36m</span>\u001b[39m\n          \u001b[36m<span\u001b[39m\n            \u001b[33mstyle\u001b[39m=\u001b[32m\"font-size: 13px; color: var(--text-2);\"\u001b[39m\n          \u001b[36m>\u001b[39m\n            \u001b[0mTotal\u001b[0m\n          \u001b[36m</span>\u001b[39m\n        \u001b[36m</div>\u001b[39m\n        \u001b[36m<div\u001b[39m\n          \u001b[33mstyle\u001b[39m=\u001b[32m\"background: var(--surface); border: 1px solid var(--border); border-radius: 10px; padding: 10px 16px; display: flex; gap: 10px; align-items: center;\"\u001b[39m\n        \u001b[36m>\u001b[39m\n          \u001b[36m<span\u001b[39m\n            \u001b[33mstyle\u001b[39m=\u001b[32m\"font-size: 18px; font-weight: 800; color: rgb(16, 185, 129);\"\u001b[39m\n          \u001b[36m>\u001b[39m\n            \u001b[0m2\u001b[0m\n          \u001b[36m</span>\u001b[39m\n          \u001b[36m<span\u001b[39m\n            \u001b[33mstyle\u001b[39m=\u001b[32m\"font-size: 13px; color: var(--text-2);\"\u001b[39m\n          \u001b[36m>\u001b[39m\n            \u001b[0mActifs\u001b[0m\n          \u001b[36m</span>\u001b[39m\n        \u001b[36m</div>\u001b[39m\n        \u001b[36m<div\u001b[39m\n          \u001b[33mstyle\u001b[39m=\u001b[32m\"background: var(--surface); border: 1px solid var(--border); border-radius: 10px; padding: 10px 16px; display: flex; gap: 10px; align-items: center;\"\u001b[39m\n        \u001b[36m>\u001b[39m\n          \u001b[36m<span\u001b[39m\n            \u001b[33mstyle\u001b[39m=\u001b[32m\"font-size: 18px; font-weight: 800; color: rgb(16, 185, 129);\"\u001b[39m\n          \u001b[36m>\u001b[39m\n            \u001b[0m1\u001b[0m\n          \u001b[36m</span>\u001b[39m\n          \u001b[36m<span\u001b[39m\n            \u001b[33mstyle\u001b[39m=\u001b[32m\"font-size: 13px; color: var(--text-2);\"\u001b[39m\n          \u001b[36m>\u001b[39m\n            \u001b[0mMédecins\u001b[0m\n          \u001b[36m</span>\u001b[39m\n        \u001b[36m</div>\u001b[39m\n        \u001b[36m<div\u001b[39m\n          \u001b[33mstyle\u001b[39m=\u001b[32m\"background: var(--surface); border: 1px solid var(--border); border-radius: 10px; padding: 10px 16px; display: flex; gap: 10px; align-items: center;\"\u001b[39m\n        \u001b[36m>\u001b[39m\n          \u001b[36m<span\u001b[39m\n            \u001b[33mstyle\u001b[39m=\u001b[32m\"font-size: 18px; font-weight: 800; color: rgb(139, 92, 246);\"\u001b[39m\n          \u001b[36m>\u001b[39m\n            \u001b[0m1\u001b[0m\n          \u001b[36m</span>\u001b[39m\n          \u001b[36m<span\u001b[39m\n            \u001b[33mstyle\u001b[39m=\u001b[32m\"font-size: 13px; color: var(--text-2);\"\u001b[39m\n          \u001b[36m>\u001b[39m\n            \u001b[0mTechniciens\u001b[0m\n          \u001b[36m</span>\u001b[39m\n        \u001b[36m</div>\u001b[39m\n      \u001b[36m</div>\u001b[39m\n      \u001b[36m<div\u001b[39m\n        \u001b[33mstyle\u001b[39m=\u001b[32m\"display: flex; gap: 10px; margin-bottom: 14px; flex-wrap: wrap;\"\u001b[39m\n      \u001b[36m>\u001b[39m\n        \u001b[36m<input\u001b[39m\n          \u001b[33mclass\u001b[39m=\u001b[32m\"input\"\u001b[39m\n          \u001b[33mplaceholder\u001b[39m=\u001b[32m\"🔍 Rechercher...\"\u001b[39m\n          \u001b[33mstyle\u001b[39m=\u001b[32m\"max-width: 260px;\"\u001b[39m\n          \u001b[33mvalue\u001b[39m=\u001b[32m\"\"\u001b[39m\n        \u001b[36m/>\u001b[39m\n        \u001b[36m<div\u001b[39m\n          \u001b[33mstyle\u001b[39m=\u001b[32m\"display: flex; gap: 2px; background: var(--bg); border-radius: 8px; padding: 3px;\"\u001b[39m\n        \u001b[36m>\u001b[39m\n          \u001b[36m<button\u001b[39m\n            \u001b[33mclass\u001b[39m=\u001b[32m\"btn btn-sm btn-primary\"\u001b[39m\n            \u001b[33mstyle\u001b[39m=\u001b[32m\"padding: 4px 10px;\"\u001b[39m\n          \u001b[36m>\u001b[39m\n            \u001b[0mTous\u001b[0m\n          \u001b[36m</button>\u001b[39m\n          \u001b[36m<button\u001b[39m\n            \u001b[33mclass\u001b[39m=\u001b[32m\"btn btn-sm btn-ghost\"\u001b[39m\n            \u001b[33mstyle\u001b[39m=\u001b[32m\"padding: 4px 10px;\"\u001b[39m\n          \u001b[36m>\u001b[39m\n            \u001b[0mMédecins\u001b[0m\n          \u001b[36m</button>\u001b[39m\n          \u001b[36m<button\u001b[39m\n            \u001b[33mclass\u001b[39m=\u001b[32m\"btn btn-sm btn-ghost\"\u001b[39m\n            \u001b[33mstyle\u001b[39m=\u001b[32m\"padding: 4px 10px;\"\u001b[39m\n          \u001b[36m>\u001b[39m\n            \u001b[0mTechniciens\u001b[0m\n          \u001b[36m</button>\u001b[39m\n          \u001b[36m<button\u001b[39m\n            \u001b[33mclass\u001b[39m=\u001b[32m\"btn btn-sm btn-ghost\"\u001b[39m\n            \u001b[33mstyle\u001b[39m=\u001b[32m\"padding: 4px 10px;\"\u001b[39m\n          \u001b[36m>\u001b[39m\n            \u001b[0mAdmins\u001b[0m\n          \u001b[36m</button>\u001b[39m\n        \u001b[36m</div>\u001b[39m\n      \u001b[36m</div>\u001b[39m\n      \u001b[36m<div\u001b[39m\n        \u001b[33mclass\u001b[39m=\u001b[32m\"table-wrap\"\u001b[39m\n      \u001b[36m>\u001b[39m\n        \u001b[36m<table>\u001b[39m\n          \u001b[36m<thead>\u001b[39m\n            \u001b[36m<tr>\u001b[39m\n              \u001b[36m<th>\u001b[39m\n                \u001b[0mNom\u001b[0m\n              \u001b[36m</th>\u001b[39m\n              \u001b[36m<th>\u001b[39m\n                \u001b[0mEmail\u001b[0m\n              \u001b[36m</th>\u001b[39m\n              \u001b[36m<th>\u001b[39m\n                \u001b[0mRôle\u001b[0m\n              \u001b[36m</th>\u001b[39m\n              \u001b[36m<th>\u001b[39m\n                \u001b[0mStatut\u001b[0m\n              \u001b[36m</th>\u001b[39m\n              \u001b[36m<th>\u001b[39m\n                \u001b[0mCréé le\u001b[0m\n              \u001b[36m</th>\u001b[39m\n              \u001b[36m<th>\u001b[39m\n                \u001b[0mActions\u001b[0m\n              \u001b[36m</th>\u001b[39m\n            \u001b[36m</tr>\u001b[39m\n          \u001b[36m</thead>\u001b[39m\n          \u001b[36m<tbody>\u001b[39m\n            \u001b[36m<tr>\u001b[39m\n              \u001b[36m<td>\u001b[39m\n                \u001b[36m<div\u001b[39m\n                  \u001b[33mstyle\u001b[39m=\u001b[32m\"font-weight: 600;\"\u001b[39m\n                \u001b[36m>\u001b[39m\n                  \u001b[36m<span>\u001b[39m\n                    \u001b[0mSystème\u001b[0m\n                  \u001b[36m</span>\u001b[39m\n                  \u001b[0m \u001b[0m\n                  \u001b[36m<span>\u001b[39m\n                    \u001b[0mAdmin\u001b[0m\n                  \u001b[36m</span>\u001b[39m\n                \u001b[36m</div>\u001b[39m\n                \u001b[36m<span\u001b[39m\n                  \u001b[33mstyle\u001b[39m=\u001b[32m\"font-size: 10px; color: var(--text-3);\"\u001b[39m\n                \u001b[36m>\u001b[39m\n                  \u001b[0mVous\u001b[0m\n                \u001b[36m</span>\u001b[39m\n              \u001b[36m</td>\u001b[39m\n              \u001b[36m<td\u001b[39m\n                \u001b[33mstyle\u001b[39m=\u001b[32m\"font-size: 13px;\"\u001b[39m\n              \u001b[36m>\u001b[39m\n                \u001b[0madmin@planning.com\u001b[0m\n              \u001b[36m</td>\u001b[39m\n              \u001b[36m<td>\u001b[39m\n                \u001b[36m<span\u001b[39m\n                  \u001b[33mclass\u001b[39m=\u001b[32m\"badge badge-blue\"\u001b[39m\n                \u001b[36m>\u001b[39m\n                  \u001b[0mAdmin\u001b[0m\n                \u001b[36m</span>\u001b[39m\n              \u001b[36m</td>\u001b[39m\n              \u001b[36m<td>\u001b[39m\n                \u001b[36m<span\u001b[39m\n                  \u001b[33mclass\u001b[39m=\u001b[32m\"badge badge-green\"\u001b[39m\n                \u001b[36m>\u001b[39m\n                  \u001b[0m● Actif\u001b[0m\n                \u001b[36m</span>\u001b[39m\n              \u001b[36m</td>\u001b[39m\n              \u001b[36m<td\u001b[39m\n                \u001b[33mstyle\u001b[39m=\u001b[32m\"font-size: 12px; color: var(--text-2);\"\u001b[39m\n              \u001b[36m>\u001b[39m\n                \u001b[0m01/01/2026\u001b[0m\n              \u001b[36m</td>\u001b[39m\n              \u001b[36m<td>\u001b[39m\n                \u001b[36m<div\u001b[39m\n                  \u001b[33mstyle\u001b[39m=\u001b[32m\"display: flex; gap: 4px;\"\u001b[39m\n                \u001b[36m>\u001b[39m\n                  \u001b[36m<button\u001b[39m\n                    \u001b[33mclass\u001b[39m=\u001b[32m\"btn btn-outline btn-sm\"\u001b[39m\n                  \u001b[36m>\u001b[39m\n                    \u001b[0m✏️\u001b[0m\n                  \u001b[36m</button>\u001b[39m\n                \u001b[36m</div>\u001b[39m\n              \u001b[36m</td>\u001b[39m\n            \u001b[36m</tr>\u001b[39m\n            \u001b[36m<tr>\u001b[39m\n              \u001b[36m<td>\u001b[39m\n                \u001b[36m<div\u001b[39m\n                  \u001b[33mstyle\u001b[39m=\u001b[32m\"font-weight: 600;\"\u001b[39m\n                \u001b[36m>\u001b[39m\n                  \u001b[36m<span>\u001b[39m\n                    \u001b[0mSophie\u001b[0m\n                  \u001b[36m</span>\u001b[39m\n                  \u001b[0m \u001b[0m\n                  \u001b[36m<span>\u001b[39m\n                    \u001b[0mBenali\u001b[0m\n                  \u001b[36m</span>\u001b[39m\n                \u001b[36m</div>\u001b[39m\n              \u001b[36m</td>\u001b[39m\n              \u001b[36m<td\u001b[39m\n                \u001b[33mstyle\u001b[39m=\u001b[32m\"font-size: 13px;\"\u001b[39m\n              \u001b[36m>\u001b[39m\n                \u001b[0msophie@planning.com\u001b[0m\n              \u001b[36m</td>\u001b[39m\n              \u001b[36m<td>\u001b[39m\n                \u001b[36m<span\u001b[39m\n                  \u001b[33mclass\u001b[39m=\u001b[32m\"badge badge-green\"\u001b[39m\n                \u001b[36m>\u001b[39m\n                  \u001b[0mMédecin\u001b[0m\n                \u001b[36m</span>\u001b[39m\n              \u001b[36m</td>\u001b[39m\n              \u001b[36m<td>\u001b[39m\n                \u001b[36m<span\u001b[39m\n                  \u001b[33mclass\u001b[39m=\u001b[32m\"badge badge-green\"\u001b[39m\n                \u001b[36m>\u001b[39m\n                  \u001b[0m● Actif\u001b[0m\n                \u001b[36m</span>\u001b[39m\n              \u001b[36m</td>\u001b[39m\n              \u001b[36m<td\u001b[39m\n                \u001b[33mstyle\u001b[39m=\u001b[32m\"font-size: 12px; color: var(--text-2);\"\u001b[39m\n              \u001b[36m>\u001b[39m\n                \u001b[0m02/01/2026\u001b[0m\n              \u001b[36m</td>\u001b[39m\n              \u001b[36m<td>\u001b[39m\n                \u001b[36m<div\u001b[39m\n                  \u001b[33mstyle\u001b[39m=\u001b[32m\"display: flex; gap: 4px;\"\u001b[39m\n                \u001b[36m>\u001b[39m\n                  \u001b[36m<button\u001b[39m\n                    \u001b[33mclass\u001b[39m=\u001b[32m\"btn btn-outline btn-sm\"\u001b[39m\n                  \u001b[36m>\u001b[39m\n                    \u001b[0m✏️\u001b[0m\n                  \u001b[36m</button>\u001b[39m\n                  \u001b[36m<button\u001b[39m\n                    \u001b[33mclass\u001b[39m=\u001b[32m\"btn btn-danger btn-sm\"\u001b[39m\n                  \u001b[36m>\u001b[39m\n                    \u001b[0m🗑\u001b[0m\n                  \u001b[36m</button>\u001b[39m\n                \u001b[36m</div>\u001b[39m\n              \u001b[36m</td>\u001b[39m\n            \u001b[36m</tr>\u001b[39m\n            \u001b[36m<tr>\u001b[39m\n              \u001b[36m<td>\u001b[39m\n                \u001b[36m<div\u001b[39m\n                  \u001b[33mstyle\u001b[39m=\u001b[32m\"font-weight: 600;\"\u001b[39m\n                \u001b[36m>\u001b[39m\n                  \u001b[36m<span>\u001b[39m\n                    \u001b[0mYoussef\u001b[0m\n                  \u001b[36m</span>\u001b[39m\n                  \u001b[0m \u001b[0m\n                  \u001b[36m<span>\u001b[39m\n                    \u001b[0mHamdi\u001b[0m\n                  \u001b[36m</span>\u001b[39m\n                \u001b[36m</div>\u001b[39m\n              \u001b[36m</td>\u001b[39m\n              \u001b[36m<td\u001b[39m\n                \u001b[33mstyle\u001b[39m=\u001b[32m\"font-size: 13px;\"\u001b[39m\n              \u001b[36m>\u001b[39m\n                \u001b[0myoussef@planning.com\u001b[0m\n              \u001b[36m</td>\u001b[39m\n              \u001b[36m<td>\u001b[39m\n                \u001b[36m<span\u001b[39m\n                  \u001b[33mclass\u001b[39m=\u001b[32m\"badge badge-yellow\"\u001b[39m\n                \u001b[36m>\u001b[39m\n                  \u001b[0mTech.\u001b[0m\n                \u001b[36m</span>\u001b[39m\n              \u001b[36m</td>\u001b[39m\n              \u001b[36m<td>\u001b[39m\n                \u001b[36m<span\u001b[39m\n                  \u001b[33mclass\u001b[39m=\u001b[32m\"badge badge-red\"\u001b[39m\n                \u001b[36m>\u001b[39m\n                  \u001b[0m○ Inactif\u001b[0m\n                \u001b[36m</span>\u001b[39m\n                \u001b[36m<button\u001b[39m\n                  \u001b[33mclass\u001b[39m=\u001b[32m\"btn btn-ghost btn-sm\"\u001b[39m\n                  \u001b[33mstyle\u001b[39m=\u001b[32m\"margin-left: 4px; font-size: 11px;\"\u001b[39m\n                \u001b[36m>\u001b[39m\n                  \u001b[0mActiver\u001b[0m\n                \u001b[36m</button>\u001b[39m\n              \u001b[36m</td>\u001b[39m\n              \u001b[36m<td\u001b[39m\n                \u001b[33mstyle\u001b[39m=\u001b[32m\"font-size: 12px; color: var(--text-2);\"\u001b[39m\n              \u001b[36m>\u001b[39m\n                \u001b[0m03/01/2026\u001b[0m\n              \u001b[36m</td>\u001b[39m\n              \u001b[36m<td>\u001b[39m\n                \u001b[36m<div\u001b[39m\n                  \u001b[33mstyle\u001b[39m=\u001b[32m\"display: flex; gap: 4px;\"\u001b[39m\n                \u001b[36m>\u001b[39m\n                  \u001b[36m<button\u001b[39m\n                    \u001b[33mclass\u001b[39m=\u001b[32m\"btn btn-outline btn-sm\"\u001b[39m\n                  \u001b[36m>\u001b[39m\n                    \u001b[0m✏️\u001b[0m\n                  \u001b[36m</button>\u001b[39m\n                  \u001b[36m<button\u001b[39m\n                    \u001b[33mclass\u001b[39m=\u001b[32m\"btn btn-danger btn-sm\"\u001b[39m\n                  \u001b[36m>\u001b[39m\n                    \u001b[0m🗑\u001b[0m\n                  \u001b[36m</button>\u001b[39m\n                \u001b[36m</div>\u001b[39m\n              \u001b[36m</td>\u001b[39m\n            \u001b[36m</tr>\u001b[39m\n          \u001b[36m</tbody>\u001b[39m\n        \u001b[36m</table>\u001b[39m\n      \u001b[36m</div>\u001b[39m\n    \u001b[36m</div>\u001b[39m\n  \u001b[36m</div>\u001b[39m\n\u001b[36m</body>\u001b[39m\n    at Proxy.waitForWrapper (C:\\Users\\MSI\\Desktop\\GMT\\files\\frontend\\frontend\\node_modules\\@testing-library\\dom\\dist\\wait-for.js:163:27)\n    at C:\\Users\\MSI\\Desktop\\GMT\\files\\frontend\\frontend\\src\\__tests__\\pages\\Users.test.jsx:28:11\n    at file:///C:/Users/MSI/Desktop/GMT/files/frontend/frontend/node_modules/@vitest/runner/dist/index.js:146:14\n    at file:///C:/Users/MSI/Desktop/GMT/files/frontend/frontend/node_modules/@vitest/runner/dist/index.js:533:11\n    at runWithTimeout (file:///C:/Users/MSI/Desktop/GMT/files/frontend/frontend/node_modules/@vitest/runner/dist/index.js:39:7)\n    at runTest (file:///C:/Users/MSI/Desktop/GMT/files/frontend/frontend/node_modules/@vitest/runner/dist/index.js:1056:17)\n    at runSuite (file:///C:/Users/MSI/Desktop/GMT/files/frontend/frontend/node_modules/@vitest/runner/dist/index.js:1205:15)\n    at runSuite (file:///C:/Users/MSI/Desktop/GMT/files/frontend/frontend/node_modules/@vitest/runner/dist/index.js:1205:15)\n    at runFiles (file:///C:/Users/MSI/Desktop/GMT/files/frontend/frontend/node_modules/@vitest/runner/dist/index.js:1262:5)\n    at startTests (file:///C:/Users/MSI/Desktop/GMT/files/frontend/frontend/node_modules/@vitest/runner/dist/index.js:1271:3)"],"meta":{}},{"ancestorTitles":["Users page"],"fullName":"Users page shows create user button","status":"passed","title":"shows create user button","duration":16.95659999999998,"failureMessages":[],"meta":{}},{"ancestorTitles":["Users page"],"fullName":"Users page opens create user modal on button click","status":"passed","title":"opens create user modal on button click","duration":116.4389000000001,"failureMessages":[],"meta":{}},{"ancestorTitles":["Users page"],"fullName":"Users page filters by role","status":"passed","title":"filters by role","duration":133.18910000000005,"failureMessages":[],"meta":{}},{"ancestorTitles":["Users page"],"fullName":"Users page shows search input","status":"passed","title":"shows search input","duration":36.94370000000026,"failureMessages":[],"meta":{}},{"ancestorTitles":["Users page"],"fullName":"Users page filters by search text","status":"passed","title":"filters by search text","duration":187.2572,"failureMessages":[],"meta":{}},{"ancestorTitles":["Users page"],"fullName":"Users page shows \"Vous\" badge for own account","status":"passed","title":"shows \"Vous\" badge for own account","duration":20.153800000000047,"failureMessages":[],"meta":{}},{"ancestorTitles":["Users page"],"fullName":"Users page shows \"Activer\" button for inactive users","status":"passed","title":"shows \"Activer\" button for inactive users","duration":21.161000000000058,"failureMessages":[],"meta":{}},{"ancestorTitles":["Users page"],"fullName":"Users page shows empty state when no users","status":"passed","title":"shows empty state when no users","duration":13.437299999999595,"failureMessages":[],"meta":{}}],"startTime":1778929112636,"endTime":1778929114340.4373,"status":"failed","message":"","name":"C:/Users/MSI/Desktop/GMT/files/frontend/frontend/src/__tests__/pages/Users.test.jsx"}]}